<?xml version="1.0" encoding="UTF-8"?>
<testng-results ignored="0" total="2" passed="2" failed="0" skipped="0">
  <reporter-output>
  </reporter-output>
  <suite started-at="2023-11-30T12:36:44 IST" name="Command line suite" finished-at="2023-11-30T12:36:44 IST" duration-ms="37">
    <groups>
    </groups>
    <test started-at="2023-11-30T12:36:44 IST" name="Command line test" finished-at="2023-11-30T12:36:44 IST" duration-ms="37">
      <class name="Test.groupTest">
        <test-method signature="test()[pri:0, instance:Test.groupTest@76a4d6c]" started-at="2023-11-30T12:36:44 IST" name="test" finished-at="2023-11-30T12:36:44 IST" duration-ms="4" status="PASS">
          <reporter-output>
          </reporter-output>
        </test-method> <!-- test -->
      </class> <!-- Test.groupTest -->
      <class name="Test.parallelTest">
        <test-method signature="parallel()[pri:0, instance:Test.parallelTest@290dbf45]" started-at="2023-11-30T12:36:44 IST" name="parallel" finished-at="2023-11-30T12:36:44 IST" duration-ms="0" status="PASS">
          <reporter-output>
          </reporter-output>
        </test-method> <!-- parallel -->
      </class> <!-- Test.parallelTest -->
    </test> <!-- Command line test -->
  </suite> <!-- Command line suite -->
</testng-results>
